ampl: model 'progetto.mod'; model;ampl: _display _SETS;_display 1 0 2
_SETS
J
I
ampl: show J;set J ordered;
ampl: option omit_zero_rows 0;_display indexarity('J');_display 0 1 1
indexarity('J')
0
ampl: option omit_zero_rows 0;_display arity('J');;_display 0 1 1
arity('J')
1
ampl: show I;set I ordered;
ampl: option omit_zero_rows 0;_display indexarity('I');_display 0 1 1
indexarity('I')
0
ampl: option omit_zero_rows 0;_display arity('I');;_display 0 1 1
arity('I')
1
ampl: _display J;Error executing "display" command:
	no data for set J
ampl: update data J;data; set J := 1 2 3 4 5 6 7 8 9 10 11 12 13 14 15 16 17 18 ; model;ampl: _display I;Error executing "display" command:
	no data for set I
ampl: update data I;data; set I := 1 2 3 4 ; model;ampl: _display _PARS;_display 1 0 39
_PARS
Pnom_i
Pnom_e
Pnom_g
eta_g
cf
Pnom_hvac
alpha
beta
eta_c
eta_h
R
Pnom_b
Eb
eta_ch
eta_dsc
Tsp
Delta
SoCmin
SoCmax
Eabp
Tabp
Tabp_done
Eabp_done
d_abp_k1
s_abp_k1
t_abp_done
Dabp
Pmax_abp
Pmin_abp
Tk
SoCk
P_PV_forecast
Pul_forecast
Tex_forecast
pun
c
Dts
UR_hvac
UR_abp
ampl: show Pnom_i;param Pnom_i;
ampl: option omit_zero_rows 0;_display indexarity('Pnom_i');_display 0 1 1
indexarity('Pnom_i')
0
ampl: show Pnom_e;param Pnom_e;
ampl: option omit_zero_rows 0;_display indexarity('Pnom_e');_display 0 1 1
indexarity('Pnom_e')
0
ampl: show Pnom_g;param Pnom_g;
ampl: option omit_zero_rows 0;_display indexarity('Pnom_g');_display 0 1 1
indexarity('Pnom_g')
0
ampl: show eta_g;param eta_g;
ampl: option omit_zero_rows 0;_display indexarity('eta_g');_display 0 1 1
indexarity('eta_g')
0
ampl: show cf;param cf;
ampl: option omit_zero_rows 0;_display indexarity('cf');_display 0 1 1
indexarity('cf')
0
ampl: show Pnom_hvac;param Pnom_hvac;
ampl: option omit_zero_rows 0;_display indexarity('Pnom_hvac');_display 0 1 1
indexarity('Pnom_hvac')
0
ampl: show alpha;param alpha;
ampl: option omit_zero_rows 0;_display indexarity('alpha');_display 0 1 1
indexarity('alpha')
0
ampl: show beta;param beta;
ampl: option omit_zero_rows 0;_display indexarity('beta');_display 0 1 1
indexarity('beta')
0
ampl: show eta_c;param eta_c;
ampl: option omit_zero_rows 0;_display indexarity('eta_c');_display 0 1 1
indexarity('eta_c')
0
ampl: show eta_h;param eta_h;
ampl: option omit_zero_rows 0;_display indexarity('eta_h');_display 0 1 1
indexarity('eta_h')
0
ampl: show R;param R;
ampl: option omit_zero_rows 0;_display indexarity('R');_display 0 1 1
indexarity('R')
0
ampl: show Pnom_b;param Pnom_b;
ampl: option omit_zero_rows 0;_display indexarity('Pnom_b');_display 0 1 1
indexarity('Pnom_b')
0
ampl: show Eb;param Eb;
ampl: option omit_zero_rows 0;_display indexarity('Eb');_display 0 1 1
indexarity('Eb')
0
ampl: show eta_ch;param eta_ch;
ampl: option omit_zero_rows 0;_display indexarity('eta_ch');_display 0 1 1
indexarity('eta_ch')
0
ampl: show eta_dsc;param eta_dsc;
ampl: option omit_zero_rows 0;_display indexarity('eta_dsc');_display 0 1 1
indexarity('eta_dsc')
0
ampl: show Tsp;param Tsp;
ampl: option omit_zero_rows 0;_display indexarity('Tsp');_display 0 1 1
indexarity('Tsp')
0
ampl: show Delta;param Delta;
ampl: option omit_zero_rows 0;_display indexarity('Delta');_display 0 1 1
indexarity('Delta')
0
ampl: show SoCmin;param SoCmin;
ampl: option omit_zero_rows 0;_display indexarity('SoCmin');_display 0 1 1
indexarity('SoCmin')
0
ampl: show SoCmax;param SoCmax;
ampl: option omit_zero_rows 0;_display indexarity('SoCmax');_display 0 1 1
indexarity('SoCmax')
0
ampl: show Eabp;param Eabp{I};
ampl: option omit_zero_rows 0;_display indexarity('Eabp');_display 0 1 1
indexarity('Eabp')
1
ampl: show Tabp;param Tabp{I};
ampl: option omit_zero_rows 0;_display indexarity('Tabp');_display 0 1 1
indexarity('Tabp')
1
ampl: show Tabp_done;param Tabp_done{I};
ampl: option omit_zero_rows 0;_display indexarity('Tabp_done');_display 0 1 1
indexarity('Tabp_done')
1
ampl: show Eabp_done;param Eabp_done{I};
ampl: option omit_zero_rows 0;_display indexarity('Eabp_done');_display 0 1 1
indexarity('Eabp_done')
1
ampl: show d_abp_k1;param d_abp_k1{I};
ampl: option omit_zero_rows 0;_display indexarity('d_abp_k1');_display 0 1 1
indexarity('d_abp_k1')
1
ampl: show s_abp_k1;param s_abp_k1{I};
ampl: option omit_zero_rows 0;_display indexarity('s_abp_k1');_display 0 1 1
indexarity('s_abp_k1')
1
ampl: show t_abp_done;param t_abp_done{I};
ampl: option omit_zero_rows 0;_display indexarity('t_abp_done');_display 0 1 1
indexarity('t_abp_done')
1
ampl: show Dabp;param Dabp{I};
ampl: option omit_zero_rows 0;_display indexarity('Dabp');_display 0 1 1
indexarity('Dabp')
1
ampl: show Pmax_abp;param Pmax_abp{I};
ampl: option omit_zero_rows 0;_display indexarity('Pmax_abp');_display 0 1 1
indexarity('Pmax_abp')
1
ampl: show Pmin_abp;param Pmin_abp{I};
ampl: option omit_zero_rows 0;_display indexarity('Pmin_abp');_display 0 1 1
indexarity('Pmin_abp')
1
ampl: show Tk;param Tk;
ampl: option omit_zero_rows 0;_display indexarity('Tk');_display 0 1 1
indexarity('Tk')
0
ampl: show SoCk;param SoCk;
ampl: option omit_zero_rows 0;_display indexarity('SoCk');_display 0 1 1
indexarity('SoCk')
0
ampl: show P_PV_forecast;param P_PV_forecast{J};
ampl: option omit_zero_rows 0;_display indexarity('P_PV_forecast');_display 0 1 1
indexarity('P_PV_forecast')
1
ampl: show Pul_forecast;param Pul_forecast{J};
ampl: option omit_zero_rows 0;_display indexarity('Pul_forecast');_display 0 1 1
indexarity('Pul_forecast')
1
ampl: show Tex_forecast;param Tex_forecast{J};
ampl: option omit_zero_rows 0;_display indexarity('Tex_forecast');_display 0 1 1
indexarity('Tex_forecast')
1
ampl: show pun;param pun;
ampl: option omit_zero_rows 0;_display indexarity('pun');_display 0 1 1
indexarity('pun')
0
ampl: show c;param c{J};
ampl: option omit_zero_rows 0;_display indexarity('c');_display 0 1 1
indexarity('c')
1
ampl: show Dts;param Dts;
ampl: option omit_zero_rows 0;_display indexarity('Dts');_display 0 1 1
indexarity('Dts')
0
ampl: show UR_hvac;param UR_hvac{J};
ampl: option omit_zero_rows 0;_display indexarity('UR_hvac');_display 0 1 1
indexarity('UR_hvac')
1
ampl: show UR_abp;param UR_abp{J};
ampl: option omit_zero_rows 0;_display indexarity('UR_abp');_display 0 1 1
indexarity('UR_abp')
1
ampl: option omit_zero_rows 0;_display Pnom_i;_display 0 1 1
Pnom_i
Error executing "display" command:
	no value for Pnom_i
ampl: update data Pnom_i; data; param Pnom_i:=250; model;ampl: option omit_zero_rows 0;_display Pnom_e;_display 0 1 1
Pnom_e
Error executing "display" command:
	no value for Pnom_e
ampl: update data Pnom_e; data; param Pnom_e:=120; model;ampl: option omit_zero_rows 0;_display Pnom_g;_display 0 1 1
Pnom_g
Error executing "display" command:
	no value for Pnom_g
ampl: update data Pnom_g; data; param Pnom_g:=80; model;ampl: option omit_zero_rows 0;_display eta_g;_display 0 1 1
eta_g
Error executing "display" command:
	no value for eta_g
ampl: update data eta_g; data; param eta_g:=0.6; model;ampl: option omit_zero_rows 0;_display cf;_display 0 1 1
cf
Error executing "display" command:
	no value for cf
ampl: update data cf; data; param cf:=0.45; model;ampl: option omit_zero_rows 0;_display Pnom_hvac;_display 0 1 1
Pnom_hvac
Error executing "display" command:
	no value for Pnom_hvac
ampl: update data Pnom_hvac; data; param Pnom_hvac:=12; model;ampl: option omit_zero_rows 0;_display alpha;_display 0 1 1
alpha
Error executing "display" command:
	no value for alpha
ampl: update data alpha; data; param alpha:=0.8745085611810048; model;ampl: option omit_zero_rows 0;_display beta;_display 0 1 1
beta
Error executing "display" command:
	no value for beta
ampl: update data beta; data; param beta:=0.12549143881899516; model;ampl: option omit_zero_rows 0;_display eta_c;_display 0 1 1
eta_c
Error executing "display" command:
	no value for eta_c
ampl: update data eta_c; data; param eta_c:=1.9; model;ampl: option omit_zero_rows 0;_display eta_h;_display 0 1 1
eta_h
Error executing "display" command:
	no value for eta_h
ampl: update data eta_h; data; param eta_h:=0.85; model;ampl: option omit_zero_rows 0;_display R;_display 0 1 1
R
Error executing "display" command:
	no value for R
ampl: update data R; data; param R:=1.9; model;ampl: option omit_zero_rows 0;_display Pnom_b;_display 0 1 1
Pnom_b
Error executing "display" command:
	no value for Pnom_b
ampl: update data Pnom_b; data; param Pnom_b:=150; model;ampl: option omit_zero_rows 0;_display Eb;_display 0 1 1
Eb
Error executing "display" command:
	no value for Eb
ampl: update data Eb; data; param Eb:=150; model;ampl: option omit_zero_rows 0;_display eta_ch;_display 0 1 1
eta_ch
Error executing "display" command:
	no value for eta_ch
ampl: update data eta_ch; data; param eta_ch:=0.95; model;ampl: option omit_zero_rows 0;_display eta_dsc;_display 0 1 1
eta_dsc
Error executing "display" command:
	no value for eta_dsc
ampl: update data eta_dsc; data; param eta_dsc:=0.95; model;ampl: option omit_zero_rows 0;_display Tsp;_display 0 1 1
Tsp
Error executing "display" command:
	no value for Tsp
ampl: update data Tsp; data; param Tsp:=20; model;ampl: option omit_zero_rows 0;_display Delta;_display 0 1 1
Delta
Error executing "display" command:
	no value for Delta
ampl: update data Delta; data; param Delta:=2; model;ampl: option omit_zero_rows 0;_display SoCmax;_display 0 1 1
SoCmax
Error executing "display" command:
	no value for SoCmax
ampl: update data SoCmax; data; param SoCmax:=0.9; model;ampl: option omit_zero_rows 0;_display SoCmin;_display 0 1 1
SoCmin
Error executing "display" command:
	no value for SoCmin
ampl: update data SoCmin; data; param SoCmin:=0.1; model;ampl: option omit_zero_rows 0;_display Eabp;Error executing "display" command:

	No values for Eabp.
ampl: _display {I};_display 1 0 4
I
1
2
3
4
ampl: _display {I};_display 1 0 4
I
1
2
3
4
ampl: update data Eabp; data; param Eabp:=1 11 2 22 3 31 4 14 ; model;ampl: option omit_zero_rows 0;_display Tabp;Error executing "display" command:

	No values for Tabp.
ampl: _display {I};_display 1 0 4
I
1
2
3
4
ampl: _display {I};_display 1 0 4
I
1
2
3
4
ampl: update data Tabp; data; param Tabp:=1 2 2 2 3 2 4 2 ; model;ampl: option omit_zero_rows 0;_display Dabp;Error executing "display" command:

	No values for Dabp.
ampl: _display {I};_display 1 0 4
I
1
2
3
4
ampl: _display {I};_display 1 0 4
I
1
2
3
4
ampl: update data Dabp; data; param Dabp:=1 0 2 2 3 2 4 2 ; model;ampl: option omit_zero_rows 0;_display Pmax_abp;Error executing "display" command:

	No values for Pmax_abp.
ampl: _display {I};_display 1 0 4
I
1
2
3
4
ampl: _display {I};_display 1 0 4
I
1
2
3
4
ampl: update data Pmax_abp; data; param Pmax_abp:=1 11 2 22 3 31 4 14 ; model;ampl: option omit_zero_rows 0;_display Pmin_abp;Error executing "display" command:

	No values for Pmin_abp.
ampl: _display {I};_display 1 0 4
I
1
2
3
4
ampl: _display {I};_display 1 0 4
I
1
2
3
4
ampl: update data Pmin_abp; data; param Pmin_abp:=1 0 2 0 3 0 4 0 ; model;ampl: option omit_zero_rows 0;_display Dts;_display 0 1 1
Dts
Error executing "display" command:
	no value for Dts
ampl: update data Dts; data; param Dts:=1; model;ampl: option omit_zero_rows 0;_display c;Error executing "display" command:

	No values for c.
ampl: _display {J};_display 1 0 18
J
1
2
3
4
5
6
7
8
9
10
11
12
13
14
15
16
17
18
ampl: _display {J};_display 1 0 18
J
1
2
3
4
5
6
7
8
9
10
11
12
13
14
15
16
17
18
ampl: update data c; data; param c:=1 0.46868 2 0.46868 3 0.46868 4 0.46868 5 0.46868 6 0.46868 7 0.54858 8 0.53276 9 0.53276 10 0.53276 11 0.53276 12 0.53276 13 0.53276 14 0.53276 15 0.53276 16 0.53276 17 0.53276 18 0.53276 ; model;ampl: option omit_zero_rows 0;_display pun;_display 0 1 1
pun
Error executing "display" command:
	no value for pun
ampl: update data pun; data; param pun:=0.19818; model;ampl: option omit_zero_rows 0;_display Tex_forecast;Error executing "display" command:

	No values for Tex_forecast.
ampl: _display {J};_display 1 0 18
J
1
2
3
4
5
6
7
8
9
10
11
12
13
14
15
16
17
18
ampl: _display {J};_display 1 0 18
J
1
2
3
4
5
6
7
8
9
10
11
12
13
14
15
16
17
18
ampl: update data Tex_forecast; data; param Tex_forecast:=1 11.365422275074494 2 11.629999999999995 3 12.189999999999998 4 12.400000000000034 5 12.510000000000048 6 12.53000000000003 7 12.660000000000025 8 11.450000000000045 9 11.620000000000005 10 12.32000000000005 11 12.710000000000036 12 13.300000000000011 13 13.100000000000023 14 12.850000000000023 15 12.810000000000002 16 12.800000000000011 17 12.230000000000018 18 11.800000000000011 ; model;ampl: option omit_zero_rows 0;_display P_PV_forecast;Error executing "display" command:

	No values for P_PV_forecast.
ampl: _display {J};_display 1 0 18
J
1
2
3
4
5
6
7
8
9
10
11
12
13
14
15
16
17
18
ampl: _display {J};_display 1 0 18
J
1
2
3
4
5
6
7
8
9
10
11
12
13
14
15
16
17
18
ampl: update data P_PV_forecast; data; param P_PV_forecast:=1 0 2 0 3 0 4 0 5 0 6 0 7 0 8 3.779897232190029 9 15.936303469518041 10 24.575083759471937 11 40.228430537689185 12 51.88334708425412 13 54.04951272892121 14 50.235452206014926 15 37.43781162192546 16 24.10095409514485 17 10.276256460781624 18 7.4444583938294775 ; model;ampl: option omit_zero_rows 0;_display Pul_forecast;Error executing "display" command:

	No values for Pul_forecast.
ampl: _display {J};_display 1 0 18
J
1
2
3
4
5
6
7
8
9
10
11
12
13
14
15
16
17
18
ampl: _display {J};_display 1 0 18
J
1
2
3
4
5
6
7
8
9
10
11
12
13
14
15
16
17
18
ampl: update data Pul_forecast; data; param Pul_forecast:=1 59.72775219965767 2 56.50604119044496 3 58.43695705894778 4 59.20196958415536 5 59.329659343678365 6 69.82156637186529 7 84.24398468002535 8 90.37326657835416 9 93.68748106969603 10 94.87912840866191 11 92.9058796367766 12 94.9899235413113 13 98.23405486673455 14 92.64319851999085 15 94.0390595846231 16 88.37330204199837 17 80.77207331514953 18 84.72830986204309 ; model;ampl: option omit_zero_rows 0;_display Tk;_display 0 1 1
Tk
Error executing "display" command:
	no value for Tk
ampl: update data Tk; data; param Tk:=23.584929007639087; model;ampl: option omit_zero_rows 0;_display SoCk;_display 0 1 1
SoCk
Error executing "display" command:
	no value for SoCk
ampl: update data SoCk; data; param SoCk:=0.5; model;ampl: option omit_zero_rows 0;_display UR_hvac;Error executing "display" command:

	No values for UR_hvac.
ampl: _display {J};_display 1 0 18
J
1
2
3
4
5
6
7
8
9
10
11
12
13
14
15
16
17
18
ampl: _display {J};_display 1 0 18
J
1
2
3
4
5
6
7
8
9
10
11
12
13
14
15
16
17
18
ampl: update data UR_hvac; data; param UR_hvac:=1 0 2 0 3 0 4 0 5 1 6 1 7 1 8 1 9 1 10 1 11 1 12 1 13 1 14 1 15 1 16 1 17 1 18 1 ; model;ampl: option omit_zero_rows 0;_display UR_abp;Error executing "display" command:

	No values for UR_abp.
ampl: _display {J};_display 1 0 18
J
1
2
3
4
5
6
7
8
9
10
11
12
13
14
15
16
17
18
ampl: _display {J};_display 1 0 18
J
1
2
3
4
5
6
7
8
9
10
11
12
13
14
15
16
17
18
ampl: update data UR_abp; data; param UR_abp:=1 0 2 0 3 0 4 0 5 0 6 0 7 0 8 0 9 0 10 0 11 0 12 0 13 0 14 0 15 0 16 0 17 0 18 0 ; model;ampl: option omit_zero_rows 0;_display s_abp_k1;Error executing "display" command:

	No values for s_abp_k1.
ampl: _display {I};_display 1 0 4
I
1
2
3
4
ampl: _display {I};_display 1 0 4
I
1
2
3
4
ampl: update data s_abp_k1; data; param s_abp_k1:=1 0 2 0 3 0 4 0 ; model;ampl: option omit_zero_rows 0;_display d_abp_k1;Error executing "display" command:

	No values for d_abp_k1.
ampl: _display {I};_display 1 0 4
I
1
2
3
4
ampl: _display {I};_display 1 0 4
I
1
2
3
4
ampl: update data d_abp_k1; data; param d_abp_k1:=1 0 2 0 3 0 4 0 ; model;ampl: option omit_zero_rows 0;_display Tabp_done;Error executing "display" command:

	No values for Tabp_done.
ampl: _display {I};_display 1 0 4
I
1
2
3
4
ampl: _display {I};_display 1 0 4
I
1
2
3
4
ampl: update data Tabp_done; data; param Tabp_done:=1 2 2 2 3 2 4 2 ; model;ampl: option omit_zero_rows 0;_display t_abp_done;Error executing "display" command:

	No values for t_abp_done.
ampl: _display {I};_display 1 0 4
I
1
2
3
4
ampl: _display {I};_display 1 0 4
I
1
2
3
4
ampl: update data t_abp_done; data; param t_abp_done:=1 0 2 0 3 0 4 0 ; model;ampl: option omit_zero_rows 0;_display Eabp_done;Error executing "display" command:

	No values for Eabp_done.
ampl: _display {I};_display 1 0 4
I
1
2
3
4
ampl: _display {I};_display 1 0 4
I
1
2
3
4
ampl: update data Eabp_done; data; param Eabp_done:=1 11 2 22 3 31 4 14 ; model;ampl: solve ;Error executing "solve" command:
error processing constraint con_hvac_1[1]:
	invalid subscript Pc[0]
ampl: _display _VARS;_display 1 0 18
_VARS
Pc
Ph
Pch
Pdsc
Pabp
Pabp_tot
Pg
Pi
Pe
T
SoC
d_c
d_h
d_b
d_abp
s_abp
t_abp
d_g
ampl: show Pc;var Pc{J}  >= 0;
ampl: option omit_zero_rows 0;_display indexarity('Pc');_display 0 1 1
indexarity('Pc')
1
ampl: show Ph;var Ph{J}  >= 0;
ampl: option omit_zero_rows 0;_display indexarity('Ph');_display 0 1 1
indexarity('Ph')
1
ampl: show Pch;var Pch{J}  >= 0;
ampl: option omit_zero_rows 0;_display indexarity('Pch');_display 0 1 1
indexarity('Pch')
1
ampl: show Pdsc;var Pdsc{J}  >= 0;
ampl: option omit_zero_rows 0;_display indexarity('Pdsc');_display 0 1 1
indexarity('Pdsc')
1
ampl: show Pabp;var Pabp{J, I}  >= 0;
ampl: option omit_zero_rows 0;_display indexarity('Pabp');_display 0 1 1
indexarity('Pabp')
2
ampl: show Pabp_tot;var Pabp_tot{J}  >= 0;
ampl: option omit_zero_rows 0;_display indexarity('Pabp_tot');_display 0 1 1
indexarity('Pabp_tot')
1
ampl: show Pg;var Pg{J}  >= 0;
ampl: option omit_zero_rows 0;_display indexarity('Pg');_display 0 1 1
indexarity('Pg')
1
ampl: show Pi;var Pi{J}  >= 0;
ampl: option omit_zero_rows 0;_display indexarity('Pi');_display 0 1 1
indexarity('Pi')
1
ampl: show Pe;var Pe{J}  >= 0;
ampl: option omit_zero_rows 0;_display indexarity('Pe');_display 0 1 1
indexarity('Pe')
1
ampl: show T;var T{J};
ampl: option omit_zero_rows 0;_display indexarity('T');_display 0 1 1
indexarity('T')
1
ampl: show SoC;var SoC{J};
ampl: option omit_zero_rows 0;_display indexarity('SoC');_display 0 1 1
indexarity('SoC')
1
ampl: show d_c;var d_c{J}  binary;
ampl: option omit_zero_rows 0;_display indexarity('d_c');_display 0 1 1
indexarity('d_c')
1
ampl: show d_h;var d_h{J}  binary;
ampl: option omit_zero_rows 0;_display indexarity('d_h');_display 0 1 1
indexarity('d_h')
1
ampl: show d_b;var d_b{J}  binary;
ampl: option omit_zero_rows 0;_display indexarity('d_b');_display 0 1 1
indexarity('d_b')
1
ampl: show d_abp;var d_abp{J, I}  binary;
ampl: option omit_zero_rows 0;_display indexarity('d_abp');_display 0 1 1
indexarity('d_abp')
2
ampl: show s_abp;var s_abp{J, I}  binary;
ampl: option omit_zero_rows 0;_display indexarity('s_abp');_display 0 1 1
indexarity('s_abp')
2
ampl: show t_abp;var t_abp{J, I}  binary;
ampl: option omit_zero_rows 0;_display indexarity('t_abp');_display 0 1 1
indexarity('t_abp')
2
ampl: show d_g;var d_g{J}  binary;
ampl: option omit_zero_rows 0;_display indexarity('d_g');_display 0 1 1
indexarity('d_g')
1
ampl: option omit_zero_rows 0;_display Pc.val;